#accion:disco:fechaAñadirParticion::08/02/2022
AñadirParticion:/dev/sdb:08/02/2022
AñadirParticion:/dev/sda:08/02/2022
AñadirParticion:/dev/sdb:08/02/2022
AñadirParticion:/dev/sdb:08/02/2022
AñadirParticion:/dev/sdb:08/02/2022
AñadirParticion:/dev/sda:08/02/2022
AñadirParticion:/dev/sda:08/02/2022
AñadirParticion:/dev/sdb:08/02/2022
EliminarParticion:/dev/sdb2:08/022022
AñadirParticion:/dev/sdb:08/02/2022
EliminarParticion:/dev/sdb2:08/02/2022
AñadirParticion:/dev/sdb:08/02/2022
Formateo:ext4,/dev/sdb2:08/02/2022
Formateo:ext4,/dev/sdb2:08/02/2022
Formateo:ext4,/dev/sdb2:08/02/2022
Formateo:ext3,/dev/sdb2:08/02/2022
AñadirParticion:/dev/sdb:11/02/2022
AñadirParticion:/dev/sdb:11/02/2022
AñadirParticion:/dev/sdb:11/02/2022
EliminarParticion:/dev/sdb2:11/02/2022
EliminarParticion: TRUE:11/02/2022
EliminarParticion:/dev/sdb3:11/02/2022
EliminarParticion::11/02/2022
AñadirParticion:/dev/sdb:11/02/2022
AñadirParticion:/dev/sdb:11/02/2022
EliminarParticion:/dev/sdb2:11/02/2022
AñadirParticion:/dev/sdb:13/02/2022
AñadirParticion:/dev/sdb:13/02/2022
EliminarParticion:/dev/sdb2:13/02/2022
EliminarParticion:/dev/sdb3:13/02/2022
AñadirParticion:/dev/sdb:14/02/2022
AñadirParticion:/dev/sdb:14/02/2022
