Desmontar:sdb1:2022/02/08
Montar:sdb1:2022/02/08
Error_montar:sdb1:2022/02/08
Desmontar:sdb1:2022/02/08
Montar:sdb1:2022/02/08
Desmontar:sdb1:2022/02/08
Error_montar:sdb1:2022/02/10
Desmontar:sdb1:2022/02/10
Automontar_eliminado:sdb1:14/02/2022
Automontar:sdb1:2022/02/15
Error_eliminar_Automontar:sdb1:2022/02/15
Automontar:sdb1:2022/02/15
Automontar_eliminado:sdb1:2022/02/15
Automontar:sdb1:2022/02/15
Error_Automontar:sdb1:2022/02/15
Automontar_eliminado:sdb1:2022/02/15
Automontar:sdb1:2022/02/15
Automontar_eliminado:sdb1:2022/02/15
Montar:sdb1:2022/02/15
Desmontar:sdb1:2022/02/15
Automontar:sdb1:2022/02/15
Automontar_eliminado:sdb1:2022/02/15
Montar:sdb1:2022/02/15
Automontar_eliminado:sdb1:2022/02/15
Desmontar:sdb1:2022/02/15
Automontar_eliminado:sdb1:2022/02/15
Error_montar:sdb1:2022/02/15
Desmontar:sdb1:2022/02/15
Automontar:sdb1:2022/02/15
Error_montar:sdb1:2022/02/17
Desmontar:sdb1:2022/02/17
Montar:sdb1:2022/02/17
Desmontar:sdb1:2022/02/17
Montar:sdb1:2022/02/17
Error_montar:sdb1:2022/02/17
Desmontar:sdb1:2022/02/17
Montar:sdb1:2022/02/17
Desmontar:sdb1:2022/02/17
Montar:sdb1:2022/02/17
Desmontar:sdb1:2022/02/17
Montar:sdb1:2022/02/17
Desmontar:sdb1:2022/02/17
Montar:sdb1:2022/02/17
Desmontar:sdb1:2022/02/17
Automontar:sdb1:2022/02/17
Automontar_eliminado:sdb1:2022/02/17
Error_montar:sdb1:2022/02/18
