Desmontar:sdb1:2022/02/08
Montar:sdb1:2022/02/08
Error_montar:sdb1:2022/02/08
Desmontar:sdb1:2022/02/08
Montar:sdb1:2022/02/08
Desmontar:sdb1:2022/02/08
Error_montar:sdb1:2022/02/10
Desmontar:sdb1:2022/02/10
Automontar_eliminado:sdb1:14/02/2022
Automontar:sdb1:2022/02/15
Error_eliminar_Automontar:sdb1:2022/02/15
Automontar:sdb1:2022/02/15
Automontar_eliminado:sdb1:2022/02/15
Automontar:sdb1:2022/02/15
Error_Automontar:sdb1:2022/02/15
Automontar_eliminado:sdb1:2022/02/15
Automontar:sdb1:2022/02/15
Automontar_eliminado:sdb1:2022/02/15
Montar:sdb1:2022/02/15
Desmontar:sdb1:2022/02/15
Automontar:sdb1:2022/02/15
Automontar_eliminado:sdb1:2022/02/15
Montar:sdb1:2022/02/15
Automontar_eliminado:sdb1:2022/02/15
Desmontar:sdb1:2022/02/15
Automontar_eliminado:sdb1:2022/02/15
Error_montar:sdb1:2022/02/15
Desmontar:sdb1:2022/02/15
Automontar:sdb1:2022/02/15
Error_montar:sdb1:2022/02/17
Desmontar:sdb1:2022/02/17
Montar:sdb1:2022/02/17
Desmontar:sdb1:2022/02/17
Montar:sdb1:2022/02/17
Error_montar:sdb1:2022/02/17
Desmontar:sdb1:2022/02/17
Montar:sdb1:2022/02/17
Desmontar:sdb1:2022/02/17
Montar:sdb1:2022/02/17
Desmontar:sdb1:2022/02/17
Montar:sdb1:2022/02/17
Desmontar:sdb1:2022/02/17
Montar:sdb1:2022/02/17
Desmontar:sdb1:2022/02/17
Automontar:sdb1:2022/02/17
Automontar_eliminado:sdb1:2022/02/17
Error_montar:sdb1:2022/02/18
Automontar:sdb2:2022/02/28
Automontar_eliminado:sdb2:2022/02/28
Error_eliminar_Automontar:sdb2:2022/02/28
Desmontar:sdb2:2022/02/28
Error_montar:sdb1:2022/02/28
Error_montar:sdb1:2022/02/28
Error_Desmontar:sdb2:2022/02/28
Desmontar:sdb1:2022/02/28
Automontar:sda1:2022/02/28
Error_Automontar:sda1:2022/02/28
Error_Automontar:sda1:2022/02/28
Error_Automontar:sda1:2022/02/28
Montar:sdb1:2022/02/28
Automontar:sdb2:2022/02/28
Error_Automontar:sdb2:2022/02/28
Automontar_eliminado:sdb2:2022/02/28
Automontar:sdb1:2022/02/28
Automontar_eliminado:sdb1:2022/02/28
Error_eliminar_Automontar:sdb2:2022/02/28
Montar:sdb1:2022/02/28
Error_montar:sdb1:2022/02/28
AñadirParticion:sdb:2022/02/28
AñadirParticion:sdb:2022/02/28
Eliminar_Particion:sdb:2022/02/28
AñadirParticion:sda:2022/02/28
Formateo:sdb2:2022/02/28
Eliminar_Particion:sdb:2022/02/28
